#-----------------------------------------------------------
# Vivado v2018.2 (64-bit)
# SW Build 2258646 on Thu Jun 14 20:03:12 MDT 2018
# IP Build 2256618 on Thu Jun 14 22:10:49 MDT 2018
# Start of session at: Sun Nov  3 09:51:04 2024
# Process ID: 23024
# Current directory: C:/Users/user/OneDrive - National University of Singapore/Documents/GitHub/EE2026_2425_Wed_AM_Team_13_Project/modifier_main
# Command line: vivado.exe -gui_launcher_event rodinguilauncherevent26684 C:\Users\user\OneDrive - National University of Singapore\Documents\GitHub\EE2026_2425_Wed_AM_Team_13_Project\modifier_main\modifier_main.xpr
# Log file: C:/Users/user/OneDrive - National University of Singapore/Documents/GitHub/EE2026_2425_Wed_AM_Team_13_Project/modifier_main/vivado.log
# Journal file: C:/Users/user/OneDrive - National University of Singapore/Documents/GitHub/EE2026_2425_Wed_AM_Team_13_Project/modifier_main\vivado.jou
#-----------------------------------------------------------
start_gui
open_project {C:/Users/user/OneDrive - National University of Singapore/Documents/GitHub/EE2026_2425_Wed_AM_Team_13_Project/modifier_main/modifier_main.xpr}
INFO: [ProjectBase 1-489] The host OS only allows 260 characters in a normal path. The project is stored in a path with more than 80 characters. If you experience issues with IP, Block Designs, or files not being found, please consider moving the project to a location with a shorter path. Alternately consider using the OS subst command to map part of the path to a drive letter.
Current project path is 'C:/Users/user/OneDrive - National University of Singapore/Documents/GitHub/EE2026_2425_Wed_AM_Team_13_Project/modifier_main'
INFO: [Project 1-313] Project file moved from 'C:/Users/stamp/Documents/NUS/Y2S1/EE2026/Project/modifier_main' since last save.
Scanning sources...
Finished scanning sources
INFO: [IP_Flow 19-234] Refreshing IP repositories
INFO: [IP_Flow 19-1704] No user IP repositories specified
INFO: [IP_Flow 19-2313] Loaded Vivado IP repository 'C:/Xilinx/Vivado/2018.2/data/ip'.
open_project: Time (s): cpu = 00:00:07 ; elapsed = 00:00:06 . Memory (MB): peak = 896.062 ; gain = 161.273
update_compile_order -fileset sources_1
