INFO: [VRFC 10-2263] Analyzing Verilog file "C:/Users/stamp/Documents/NUS/Y2S1/EE2026/Project/MODS/MODS.srcs/sources_1/new/ability_select_main.v" into library xil_defaultlib
INFO: [VRFC 10-311] analyzing module ability_select_main
INFO: [VRFC 10-311] analyzing module abil_sel_ai
INFO: [VRFC 10-311] analyzing module countdown_timer_flexi
INFO: [VRFC 10-311] analyzing module ability_resolution
INFO: [VRFC 10-311] analyzing module timer_master
INFO: [VRFC 10-311] analyzing module ability_select_screen
INFO: [VRFC 10-2263] Analyzing Verilog file "C:/Users/stamp/Documents/NUS/Y2S1/EE2026/Project/MODS/MODS.srcs/sources_1/new/front_end.v" into library xil_defaultlib
INFO: [VRFC 10-311] analyzing module mainscreen_background
INFO: [VRFC 10-311] analyzing module homepage_title
INFO: [VRFC 10-311] analyzing module guide_page_one
INFO: [VRFC 10-311] analyzing module guide_page_two
INFO: [VRFC 10-311] analyzing module main_screen_selector
INFO: [VRFC 10-311] analyzing module main_screen_selector_arrow
INFO: [VRFC 10-311] analyzing module blue_screen
INFO: [VRFC 10-311] analyzing module biche_arm
INFO: [VRFC 10-311] analyzing module biche_head_n_body
INFO: [VRFC 10-311] analyzing module biche_arm_attack
INFO: [VRFC 10-311] analyzing module bob_head_n_body
INFO: [VRFC 10-311] analyzing module bob_arm
INFO: [VRFC 10-311] analyzing module bob_arm_attack
INFO: [VRFC 10-311] analyzing module rock_attack
INFO: [VRFC 10-311] analyzing module paper_airplane_attack
INFO: [VRFC 10-311] analyzing module paper_clip_attack
INFO: [VRFC 10-311] analyzing module paper_tack_attack
INFO: [VRFC 10-311] analyzing module scissor_close_attack
INFO: [VRFC 10-311] analyzing module scissor_open_attack
INFO: [VRFC 10-311] analyzing module parry_shield
INFO: [VRFC 10-311] analyzing module pause_menu
INFO: [VRFC 10-311] analyzing module dmg_taken
INFO: [VRFC 10-311] analyzing module battlescreen_background
INFO: [VRFC 10-311] analyzing module skillscreen_icon_rock
INFO: [VRFC 10-311] analyzing module skillscreen_icon_paper
INFO: [VRFC 10-311] analyzing module skillscreen_icon_scissors
INFO: [VRFC 10-311] analyzing module skillscreen_selector
INFO: [VRFC 10-311] analyzing module skillscreen_confirmation_background
INFO: [VRFC 10-311] analyzing module skillscreen_selection_background
INFO: [VRFC 10-311] analyzing module rps_confirmation_screen
INFO: [VRFC 10-2263] Analyzing Verilog file "C:/Users/stamp/Documents/NUS/Y2S1/EE2026/Project/MODS/MODS.srcs/sources_1/new/sub_modules.v" into library xil_defaultlib
INFO: [VRFC 10-311] analyzing module flexi_clk
INFO: [VRFC 10-311] analyzing module ind_to_coor
INFO: [VRFC 10-311] analyzing module debounce
INFO: [VRFC 10-311] analyzing module button_sync
INFO: [VRFC 10-2263] Analyzing Verilog file "C:/Users/stamp/Documents/NUS/Y2S1/EE2026/Project/MODS/MODS.srcs/sim_1/new/top_sim.v" into library xil_defaultlib
INFO: [VRFC 10-311] analyzing module top_sim
