#-----------------------------------------------------------
# Vivado v2018.2 (64-bit)
# SW Build 2258646 on Thu Jun 14 20:03:12 MDT 2018
# IP Build 2256618 on Thu Jun 14 22:10:49 MDT 2018
# Start of session at: Sat Oct 26 10:38:02 2024
# Process ID: 10460
# Current directory: C:/Users/stamp/Documents/NUS/Y2S1/EE2026/Project/ability_selector
# Command line: vivado.exe -gui_launcher_event rodinguilauncherevent9132 C:\Users\stamp\Documents\NUS\Y2S1\EE2026\Project\ability_selector\ability_selector.xpr
# Log file: C:/Users/stamp/Documents/NUS/Y2S1/EE2026/Project/ability_selector/vivado.log
# Journal file: C:/Users/stamp/Documents/NUS/Y2S1/EE2026/Project/ability_selector\vivado.jou
#-----------------------------------------------------------
start_gui
open_project C:/Users/stamp/Documents/NUS/Y2S1/EE2026/Project/ability_selector/ability_selector.xpr
Scanning sources...
Finished scanning sources
INFO: [IP_Flow 19-234] Refreshing IP repositories
INFO: [IP_Flow 19-1704] No user IP repositories specified
INFO: [IP_Flow 19-2313] Loaded Vivado IP repository 'C:/Xilinx/Vivado/2018.2/data/ip'.
update_compile_order -fileset sources_1
archive_project C:/Users/stamp/Documents/NUS/Y2S1/EE2026/Project/ability_selector.xpr.zip -temp_dir C:/Users/stamp/Documents/NUS/Y2S1/EE2026/Project/ability_selector/.Xil/Vivado-10460-ASUS_Zenbook_WG -force -include_local_ip_cache -include_config_settings
INFO: [Coretcl 2-137] starting archive...
INFO: [Coretcl 2-1499] Saving project copy to temporary location 'C:/Users/stamp/Documents/NUS/Y2S1/EE2026/Project/ability_selector/.Xil/Vivado-10460-ASUS_Zenbook_WG' for archiving project
Scanning sources...
Finished scanning sources
INFO: [Coretcl 2-1211] Creating project copy for archival...
INFO: [ProjectBase 1-495] The host OS only allows 260 characters in a normal path. The project is stored in a path with more than 80 characters. If you experience any problem with archiving the project, please consider setting environment variable $TEMP to a shorter path.
Current project path is 'C:/Users/stamp/Documents/NUS/Y2S1/EE2026/Project/ability_selector/.Xil/Vivado-10460-ASUS_Zenbook_WG/PrjAr/_X_'.
INFO: [Coretcl 2-1213] Including run results for 'synth_1'
INFO: [Coretcl 2-1213] Including run results for 'impl_1'
INFO: [Coretcl 2-1209] Adding archive summary file to the project...
INFO: [Coretcl 2-1214] Preparing project files for archive...
INFO: [Coretcl 2-1210] Compressing project files and data...
INFO: [Coretcl 2-1215] Project archived (C:/Users/stamp/Documents/NUS/Y2S1/EE2026/Project/ability_selector.xpr.zip)
INFO: [Coretcl 2-1216] To view the archive summary log in GUI, double click on 'Design Sources->Text->archive_project_summary.txt', or open this file from the archived project directory.
exit
INFO: [Common 17-206] Exiting Vivado at Sat Oct 26 11:17:05 2024...
