#-----------------------------------------------------------
# Vivado v2018.2 (64-bit)
# SW Build 2258646 on Thu Jun 14 20:03:12 MDT 2018
# IP Build 2256618 on Thu Jun 14 22:10:49 MDT 2018
# Start of session at: Sat Nov  2 10:01:18 2024
# Process ID: 113492
# Current directory: C:/Users/Tay Xu Yang/Documents/GitHub/EE2026_2425_Wed_AM_Team_13_Project/MODS
# Command line: vivado.exe -gui_launcher_event rodinguilauncherevent78380 C:\Users\Tay Xu Yang\Documents\GitHub\EE2026_2425_Wed_AM_Team_13_Project\MODS\MODS.xpr
# Log file: C:/Users/Tay Xu Yang/Documents/GitHub/EE2026_2425_Wed_AM_Team_13_Project/MODS/vivado.log
# Journal file: C:/Users/Tay Xu Yang/Documents/GitHub/EE2026_2425_Wed_AM_Team_13_Project/MODS\vivado.jou
#-----------------------------------------------------------
start_gui
open_project {C:/Users/Tay Xu Yang/Documents/GitHub/EE2026_2425_Wed_AM_Team_13_Project/MODS/MODS.xpr}
INFO: [Project 1-313] Project file moved from 'C:/Users/stamp/Documents/NUS/Y2S1/EE2026/Project/MODS' since last save.
Scanning sources...
Finished scanning sources
INFO: [IP_Flow 19-234] Refreshing IP repositories
INFO: [IP_Flow 19-1704] No user IP repositories specified
INFO: [IP_Flow 19-2313] Loaded Vivado IP repository 'C:/Xilinx/Vivado/2018.2/data/ip'.
open_project: Time (s): cpu = 00:00:09 ; elapsed = 00:00:05 . Memory (MB): peak = 873.973 ; gain = 146.805
update_compile_order -fileset sources_1
INFO: [Device 21-403] Loading part xc7a35tcpg236-1
WARNING: [IP_Flow 19-4067] Ignoring invalid widget type specified checkbox.Providing a default widget
WARNING: [IP_Flow 19-4067] Ignoring invalid widget type specified checkbox.Providing a default widget
INFO: [IP_Flow 19-3484] Absolute path of file 'c:/Users/Tay Xu Yang/Documents/GitHub/EE2026_2425_Wed_AM_Team_13_Project/MODS/MODS.srcs/sources_1/ip/battleground_background.coe' provided. It will be converted relative to IP Instance files '../../../../MODS.srcs/sources_1/ip/battleground_background.coe'
INFO: [IP_Flow 19-3484] Absolute path of file 'c:/Users/Tay Xu Yang/Documents/GitHub/EE2026_2425_Wed_AM_Team_13_Project/MODS/MODS.srcs/sources_1/ip/battleground_background.coe' provided. It will be converted relative to IP Instance files '../../../../MODS.srcs/sources_1/ip/battleground_background.coe'
INFO: [IP_Flow 19-3484] Absolute path of file 'c:/Users/Tay Xu Yang/Documents/GitHub/EE2026_2425_Wed_AM_Team_13_Project/MODS/MODS.srcs/sources_1/ip/battleground_background.coe' provided. It will be converted relative to IP Instance files '../../../../MODS.srcs/sources_1/ip/battleground_background.coe'
INFO: [IP_Flow 19-3484] Absolute path of file 'c:/Users/Tay Xu Yang/Documents/GitHub/EE2026_2425_Wed_AM_Team_13_Project/MODS/MODS.srcs/sources_1/ip/battleground_background.coe' provided. It will be converted relative to IP Instance files '../../../../MODS.srcs/sources_1/ip/battleground_background.coe'
INFO: [IP_Flow 19-3484] Absolute path of file 'c:/Users/Tay Xu Yang/Documents/GitHub/EE2026_2425_Wed_AM_Team_13_Project/MODS/MODS.srcs/sources_1/ip/battleground_background.coe' provided. It will be converted relative to IP Instance files '../../../../MODS.srcs/sources_1/ip/battleground_background.coe'
INFO: [IP_Flow 19-3484] Absolute path of file 'c:/Users/Tay Xu Yang/Documents/GitHub/EE2026_2425_Wed_AM_Team_13_Project/MODS/MODS.srcs/sources_1/ip/battleground_background.coe' provided. It will be converted relative to IP Instance files '../../../../MODS.srcs/sources_1/ip/battleground_background.coe'
INFO: [IP_Flow 19-3484] Absolute path of file 'c:/Users/Tay Xu Yang/Documents/GitHub/EE2026_2425_Wed_AM_Team_13_Project/MODS/MODS.srcs/sources_1/ip/battleground_background.coe' provided. It will be converted relative to IP Instance files '../../../../MODS.srcs/sources_1/ip/battleground_background.coe'
create_ip -name blk_mem_gen -vendor xilinx.com -library ip -version 8.4 -module_name battleground_background -dir {c:/Users/Tay Xu Yang/Documents/GitHub/EE2026_2425_Wed_AM_Team_13_Project/MODS/MODS.srcs/sources_1/ip}
set_property -dict [list CONFIG.Component_Name {battleground_background} CONFIG.Write_Depth_A {6144} CONFIG.Load_Init_File {true} CONFIG.Coe_File {c:/Users/Tay Xu Yang/Documents/GitHub/EE2026_2425_Wed_AM_Team_13_Project/MODS/MODS.srcs/sources_1/ip/battleground_background.coe}] [get_ips battleground_background]
WARNING: [Vivado 12-3523] Attempt to change 'Component_Name' from 'battleground_background' to 'battleground_background' is not allowed and is ignored.
INFO: [IP_Flow 19-3484] Absolute path of file 'c:/Users/Tay Xu Yang/Documents/GitHub/EE2026_2425_Wed_AM_Team_13_Project/MODS/MODS.srcs/sources_1/ip/battleground_background.coe' provided. It will be converted relative to IP Instance files '../battleground_background.coe'
generate_target {instantiation_template} [get_files {{c:/Users/Tay Xu Yang/Documents/GitHub/EE2026_2425_Wed_AM_Team_13_Project/MODS/MODS.srcs/sources_1/ip/battleground_background/battleground_background.xci}}]
INFO: [IP_Flow 19-1686] Generating 'Instantiation Template' target for IP 'battleground_background'...
update_compile_order -fileset sources_1
generate_target all [get_files  {{c:/Users/Tay Xu Yang/Documents/GitHub/EE2026_2425_Wed_AM_Team_13_Project/MODS/MODS.srcs/sources_1/ip/battleground_background/battleground_background.xci}}]
INFO: [IP_Flow 19-1686] Generating 'Synthesis' target for IP 'battleground_background'...
INFO: [IP_Flow 19-1686] Generating 'Simulation' target for IP 'battleground_background'...
INFO: [IP_Flow 19-1686] Generating 'Miscellaneous' target for IP 'battleground_background'...
INFO: [IP_Flow 19-1686] Generating 'Change Log' target for IP 'battleground_background'...
catch { config_ip_cache -export [get_ips -all battleground_background] }
export_ip_user_files -of_objects [get_files {{c:/Users/Tay Xu Yang/Documents/GitHub/EE2026_2425_Wed_AM_Team_13_Project/MODS/MODS.srcs/sources_1/ip/battleground_background/battleground_background.xci}}] -no_script -sync -force -quiet
create_ip_run [get_files -of_objects [get_fileset sources_1] {{c:/Users/Tay Xu Yang/Documents/GitHub/EE2026_2425_Wed_AM_Team_13_Project/MODS/MODS.srcs/sources_1/ip/battleground_background/battleground_background.xci}}]
launch_runs -jobs 12 battleground_background_synth_1
[Sat Nov  2 10:13:24 2024] Launched battleground_background_synth_1...
Run output will be captured here: C:/Users/Tay Xu Yang/Documents/GitHub/EE2026_2425_Wed_AM_Team_13_Project/MODS/MODS.runs/battleground_background_synth_1/runme.log
export_simulation -of_objects [get_files {{c:/Users/Tay Xu Yang/Documents/GitHub/EE2026_2425_Wed_AM_Team_13_Project/MODS/MODS.srcs/sources_1/ip/battleground_background/battleground_background.xci}}] -directory {C:/Users/Tay Xu Yang/Documents/GitHub/EE2026_2425_Wed_AM_Team_13_Project/MODS/MODS.ip_user_files/sim_scripts} -ip_user_files_dir {C:/Users/Tay Xu Yang/Documents/GitHub/EE2026_2425_Wed_AM_Team_13_Project/MODS/MODS.ip_user_files} -ipstatic_source_dir {C:/Users/Tay Xu Yang/Documents/GitHub/EE2026_2425_Wed_AM_Team_13_Project/MODS/MODS.ip_user_files/ipstatic} -lib_map_path [list {modelsim=C:/Users/Tay Xu Yang/Documents/GitHub/EE2026_2425_Wed_AM_Team_13_Project/MODS/MODS.cache/compile_simlib/modelsim} {questa=C:/Users/Tay Xu Yang/Documents/GitHub/EE2026_2425_Wed_AM_Team_13_Project/MODS/MODS.cache/compile_simlib/questa} {riviera=C:/Users/Tay Xu Yang/Documents/GitHub/EE2026_2425_Wed_AM_Team_13_Project/MODS/MODS.cache/compile_simlib/riviera} {activehdl=C:/Users/Tay Xu Yang/Documents/GitHub/EE2026_2425_Wed_AM_Team_13_Project/MODS/MODS.cache/compile_simlib/activehdl}] -use_ip_compiled_libs -force -quiet
WARNING: [IP_Flow 19-4067] Ignoring invalid widget type specified checkbox.Providing a default widget
WARNING: [IP_Flow 19-4067] Ignoring invalid widget type specified checkbox.Providing a default widget
WARNING: [IP_Flow 19-4067] Ignoring invalid widget type specified checkbox.Providing a default widget
WARNING: [IP_Flow 19-4067] Ignoring invalid widget type specified checkbox.Providing a default widget
WARNING: [IP_Flow 19-4067] Ignoring invalid widget type specified checkbox.Providing a default widget
WARNING: [IP_Flow 19-4067] Ignoring invalid widget type specified checkbox.Providing a default widget
open_project {G:/My Drive/NUS/Y2S1/EE2026/Project/MODS_fullintegration.xpr/MODS/MODS.xpr}
Scanning sources...
Finished scanning sources
INFO: [IP_Flow 19-234] Refreshing IP repositories
INFO: [IP_Flow 19-1704] No user IP repositories specified
INFO: [IP_Flow 19-2313] Loaded Vivado IP repository 'C:/Xilinx/Vivado/2018.2/data/ip'.
INFO: [Common 17-41] Interrupt caught. Command should exit soon.
INFO: [Common 17-344] 'open_project' was cancelled
exit
INFO: [Common 17-206] Exiting Vivado at Sat Nov  2 10:42:33 2024...
