#-----------------------------------------------------------
# Vivado v2018.2 (64-bit)
# SW Build 2258646 on Thu Jun 14 20:03:12 MDT 2018
# IP Build 2256618 on Thu Jun 14 22:10:49 MDT 2018
# Start of session at: Thu Feb 29 13:03:28 2024
# Process ID: 31116
# Current directory: C:/Users/elegst/Documents/EE2026 Project/2023-24 Sem 1/To provide/MODS
# Command line: vivado.exe -gui_launcher_event rodinguilauncherevent33868 C:\Users\elegst\Documents\EE2026 Project\2023-24 Sem 1\To provide\MODS\MODS.xpr
# Log file: C:/Users/elegst/Documents/EE2026 Project/2023-24 Sem 1/To provide/MODS/vivado.log
# Journal file: C:/Users/elegst/Documents/EE2026 Project/2023-24 Sem 1/To provide/MODS\vivado.jou
#-----------------------------------------------------------
start_gui
open_project {C:/Users/elegst/Documents/EE2026 Project/2023-24 Sem 1/To provide/MODS/MODS.xpr}
CRITICAL WARNING: [Project 1-19] Could not find the file 'C:/Users/elegst/Documents/EE2026 Project/2023-24 Sem 1/To provide/MODS/MODS.srcs/sources_1/imports/Desktop/paint.v'.
Scanning sources...
Finished scanning sources
WARNING: [Project 1-509] GeneratedRun file for 'synth_1' not found
WARNING: [Project 1-509] GeneratedRun file for 'impl_1' not found
INFO: [IP_Flow 19-234] Refreshing IP repositories
INFO: [IP_Flow 19-1704] No user IP repositories specified
INFO: [IP_Flow 19-2313] Loaded Vivado IP repository 'C:/Xilinx/Vivado/2018.2/data/ip'.
open_project: Time (s): cpu = 00:00:08 ; elapsed = 00:00:05 . Memory (MB): peak = 781.156 ; gain = 88.105
update_compile_order -fileset sources_1
export_ip_user_files -of_objects  [get_files {{C:/Users/elegst/Documents/EE2026 Project/2023-24 Sem 1/To provide/MODS/MODS.srcs/sources_1/imports/Desktop/paint.v}}] -no_script -reset -force -quiet
remove_files  {{C:/Users/elegst/Documents/EE2026 Project/2023-24 Sem 1/To provide/MODS/MODS.srcs/sources_1/imports/Desktop/paint.v}}
export_ip_user_files -of_objects  [get_files {{C:/Users/elegst/Documents/EE2026 Project/2023-24 Sem 1/To provide/MODS/MODS.srcs/sources_1/new/paint.v}}] -no_script -reset -force -quiet
remove_files  {{C:/Users/elegst/Documents/EE2026 Project/2023-24 Sem 1/To provide/MODS/MODS.srcs/sources_1/new/paint.v}}
export_ip_user_files -of_objects  [get_files {{C:/Users/elegst/Documents/EE2026 Project/2023-24 Sem 1/To provide/MODS/MODS.srcs/sources_1/imports/Desktop/Mouse_Control.vhd}}] -no_script -reset -force -quiet
remove_files  {{C:/Users/elegst/Documents/EE2026 Project/2023-24 Sem 1/To provide/MODS/MODS.srcs/sources_1/imports/Desktop/Mouse_Control.vhd}}
export_ip_user_files -of_objects  [get_files {{C:/Users/elegst/Documents/EE2026 Project/2023-24 Sem 1/To provide/MODS/MODS.srcs/sources_1/new/module_pack.v}}] -no_script -reset -force -quiet
remove_files  {{C:/Users/elegst/Documents/EE2026 Project/2023-24 Sem 1/To provide/MODS/MODS.srcs/sources_1/new/module_pack.v}}
export_ip_user_files -of_objects  [get_files {{C:/Users/elegst/Documents/EE2026 Project/2023-24 Sem 1/To provide/MODS/MODS.srcs/sources_1/new/ss_display.v}}] -no_script -reset -force -quiet
remove_files  {{C:/Users/elegst/Documents/EE2026 Project/2023-24 Sem 1/To provide/MODS/MODS.srcs/sources_1/new/ss_display.v}}
export_ip_user_files -of_objects  [get_files {{C:/Users/elegst/Documents/EE2026 Project/2023-24 Sem 1/To provide/MODS/MODS.srcs/sources_1/imports/Desktop/Oled_Display.v}}] -no_script -reset -force -quiet
remove_files  {{C:/Users/elegst/Documents/EE2026 Project/2023-24 Sem 1/To provide/MODS/MODS.srcs/sources_1/imports/Desktop/Oled_Display.v}}
export_ip_user_files -of_objects  [get_files {{C:/Users/elegst/Documents/EE2026 Project/2023-24 Sem 1/To provide/MODS/MODS.srcs/sources_1/imports/Desktop/Ps2Interface.vhd}}] -no_script -reset -force -quiet
remove_files  {{C:/Users/elegst/Documents/EE2026 Project/2023-24 Sem 1/To provide/MODS/MODS.srcs/sources_1/imports/Desktop/Ps2Interface.vhd}}
export_ip_user_files -of_objects  [get_files {{C:/Users/elegst/Documents/EE2026 Project/2023-24 Sem 1/To provide/MODS/MODS.srcs/sources_1/new/CanvasTransfer.v}}] -no_script -reset -force -quiet
remove_files  {{C:/Users/elegst/Documents/EE2026 Project/2023-24 Sem 1/To provide/MODS/MODS.srcs/sources_1/new/CanvasTransfer.v}}
export_ip_user_files -of_objects  [get_files {{C:/Users/elegst/Documents/EE2026 Project/2023-24 Sem 1/To provide/MODS/MODS.srcs/sources_1/new/neural_net.v}}] -no_script -reset -force -quiet
remove_files  {{C:/Users/elegst/Documents/EE2026 Project/2023-24 Sem 1/To provide/MODS/MODS.srcs/sources_1/new/neural_net.v}}
archive_project {C:/Users/elegst/Documents/EE2026 Project/2023-24 Sem 1/To provide/MODS.xpr.zip} -temp_dir {C:/Users/elegst/Documents/EE2026 Project/2023-24 Sem 1/To provide/MODS/.Xil/Vivado-31116-ECE-1CZ20808VG} -force -include_local_ip_cache
INFO: [Coretcl 2-137] starting archive...
INFO: [Coretcl 2-1499] Saving project copy to temporary location 'C:/Users/elegst/Documents/EE2026 Project/2023-24 Sem 1/To provide/MODS/.Xil/Vivado-31116-ECE-1CZ20808VG' for archiving project
Scanning sources...
Finished scanning sources
WARNING: [Project 1-509] GeneratedRun file for 'synth_1' not found
WARNING: [Project 1-509] GeneratedRun file for 'impl_1' not found
INFO: [IP_Flow 19-234] Refreshing IP repositories
INFO: [IP_Flow 19-1704] No user IP repositories specified
INFO: [IP_Flow 19-2313] Loaded Vivado IP repository 'C:/Xilinx/Vivado/2018.2/data/ip'.
INFO: [Coretcl 2-1211] Creating project copy for archival...
INFO: [ProjectBase 1-495] The host OS only allows 260 characters in a normal path. The project is stored in a path with more than 80 characters. If you experience any problem with archiving the project, please consider setting environment variable $TEMP to a shorter path.
Current project path is 'C:/Users/elegst/Documents/EE2026 Project/2023-24 Sem 1/To provide/MODS/.Xil/Vivado-31116-ECE-1CZ20808VG/PrjAr/_X_'.
INFO: [Coretcl 2-1213] Including run results for 'synth_1'
INFO: [Coretcl 2-1213] Including run results for 'impl_1'
INFO: [Coretcl 2-1212] Importing remotely added design sources and verilog include files (if any)...
INFO: [filemgmt 20-348] Importing the appropriate files for fileset: 'sources_1'
INFO: [Device 21-403] Loading part xc7a35tcpg236-1
INFO: [Coretcl 2-1209] Adding archive summary file to the project...
INFO: [Coretcl 2-1214] Preparing project files for archive...
INFO: [Coretcl 2-1210] Compressing project files and data...
INFO: [Coretcl 2-1215] Project archived (C:/Users/elegst/Documents/EE2026 Project/2023-24 Sem 1/To provide/MODS.xpr.zip)
INFO: [Coretcl 2-1216] To view the archive summary log in GUI, double click on 'Design Sources->Text->archive_project_summary.txt', or open this file from the archived project directory.
archive_project: Time (s): cpu = 00:00:11 ; elapsed = 00:00:18 . Memory (MB): peak = 1030.395 ; gain = 227.309
add_files {{C:/Users/elegst/Documents/EE2026 Project/2023-24 Sem 1/To provide/MODS/MODS.srcs/sources_1/imports/Desktop/Oled_Display.v} {C:/Users/elegst/Documents/EE2026 Project/2023-24 Sem 1/To provide/MODS/MODS.srcs/sources_1/imports/Desktop/Ps2Interface.vhd} {C:/Users/elegst/Documents/EE2026 Project/2023-24 Sem 1/To provide/MODS/MODS.srcs/sources_1/imports/Desktop/Mouse_Control.vhd} {C:/Users/elegst/Documents/EE2026 Project/2023-24 Sem 1/To provide/MODS/MODS.srcs/sources_1/new/neural_net.v} {C:/Users/elegst/Documents/EE2026 Project/2023-24 Sem 1/To provide/MODS/MODS.srcs/sources_1/new/paint.v} {C:/Users/elegst/Documents/EE2026 Project/2023-24 Sem 1/To provide/MODS/MODS.srcs/sources_1/new/CanvasTransfer.v} {C:/Users/elegst/Documents/EE2026 Project/2023-24 Sem 1/To provide/MODS/MODS.srcs/sources_1/new/Top_Student.v} {C:/Users/elegst/Documents/EE2026 Project/2023-24 Sem 1/To provide/MODS/MODS.srcs/sources_1/new/module_pack.v} {C:/Users/elegst/Documents/EE2026 Project/2023-24 Sem 1/To provide/MODS/MODS.srcs/sources_1/new/ss_display.v}}
WARNING: [filemgmt 56-12] File 'C:/Users/elegst/Documents/EE2026 Project/2023-24 Sem 1/To provide/MODS/MODS.srcs/sources_1/new/Top_Student.v' cannot be added to the project because it already exists in the project, skipping this file
update_compile_order -fileset sources_1
archive_project {C:/Users/elegst/Documents/EE2026 Project/2023-24 Sem 1/To provide/MODS.xpr.zip} -temp_dir {C:/Users/elegst/Documents/EE2026 Project/2023-24 Sem 1/To provide/MODS/.Xil/Vivado-31116-ECE-1CZ20808VG} -force -include_local_ip_cache
INFO: [Coretcl 2-137] starting archive...
INFO: [Coretcl 2-1499] Saving project copy to temporary location 'C:/Users/elegst/Documents/EE2026 Project/2023-24 Sem 1/To provide/MODS/.Xil/Vivado-31116-ECE-1CZ20808VG' for archiving project
Scanning sources...
Finished scanning sources
WARNING: [Project 1-509] GeneratedRun file for 'synth_1' not found
WARNING: [Project 1-509] GeneratedRun file for 'impl_1' not found
INFO: [IP_Flow 19-234] Refreshing IP repositories
INFO: [IP_Flow 19-1704] No user IP repositories specified
INFO: [IP_Flow 19-2313] Loaded Vivado IP repository 'C:/Xilinx/Vivado/2018.2/data/ip'.
INFO: [Coretcl 2-1211] Creating project copy for archival...
INFO: [ProjectBase 1-495] The host OS only allows 260 characters in a normal path. The project is stored in a path with more than 80 characters. If you experience any problem with archiving the project, please consider setting environment variable $TEMP to a shorter path.
Current project path is 'C:/Users/elegst/Documents/EE2026 Project/2023-24 Sem 1/To provide/MODS/.Xil/Vivado-31116-ECE-1CZ20808VG/PrjAr/_X_'.
INFO: [Coretcl 2-1213] Including run results for 'synth_1'
INFO: [Coretcl 2-1213] Including run results for 'impl_1'
INFO: [Coretcl 2-1212] Importing remotely added design sources and verilog include files (if any)...
INFO: [filemgmt 20-348] Importing the appropriate files for fileset: 'sources_1'
