Copyright 1986-2018 Xilinx, Inc. All Rights Reserved.
------------------------------------------------------------------------------------------------------------------------
| Tool Version : Vivado v.2018.2 (win64) Build 2258646 Thu Jun 14 20:03:12 MDT 2018
| Date         : Sun Nov  3 10:21:49 2024
| Host         : E-laptop running 64-bit major release  (build 9200)
| Command      : report_drc -file Top_Module_drc_routed.rpt -pb Top_Module_drc_routed.pb -rpx Top_Module_drc_routed.rpx
| Design       : Top_Module
| Device       : xc7a35tcpg236-1
| Speed File   : -1
| Design State : Routed
------------------------------------------------------------------------------------------------------------------------

Report DRC

Table of Contents
-----------------
1. REPORT SUMMARY
2. REPORT DETAILS

1. REPORT SUMMARY
-----------------
            Netlist: netlist
          Floorplan: design_1
      Design limits: <entire design considered>
           Ruledeck: default
             Max violations: <unlimited>
             Violations found: 0
+------+----------+-------------+------------+
| Rule | Severity | Description | Violations |
+------+----------+-------------+------------+
+------+----------+-------------+------------+

2. REPORT DETAILS
-----------------

